<?xml version="1.0" encoding="UTF-8"?>
<testsuite xmlns:xsi="http://www.w3.org/2001/XMLSchema-instance" xsi:noNamespaceSchemaLocation="https://maven.apache.org/surefire/maven-surefire-plugin/xsd/surefire-test-report.xsd" name="UI.runners.SmokeRunner" time="36.364" tests="1" errors="1" skipped="0" failures="0">
  <properties>
[...]
</properties>
  <testcase name="Verify user can not sign up with less then 8 chars" classname="Sign up functionality" time="33.504">
    <error message="no such element: Unable to locate element: {&quot;method&quot;:&quot;xpath&quot;,&quot;selector&quot;:&quot;/html/body/div[1]/div[3]/form/div/div[2]/div[6]&quot;}&#10;  (Session info: chrome=97.0.4692.71)&#10;For documentation on this error, please visit: https://selenium.dev/exceptions/#no_such_element&#10;Build info: version: &apos;4.1.1&apos;, revision: &apos;e8fcc2cecf&apos;&#10;System info: host: &apos;DESKTOP-67OJI6T&apos;, ip: &apos;192.168.0.107&apos;, os.name: &apos;Windows 10&apos;, os.arch: &apos;amd64&apos;, os.version: &apos;10.0&apos;, java.version: &apos;1.8.0_301&apos;&#10;Driver info: org.openqa.selenium.chrome.ChromeDriver&#10;Command: [88902d81b7799f1b9d402587a878bf60, findElement {using=xpath, value=/html/body/div[1]/div[3]/form/div/div[2]/div[6]}]&#10;Capabilities {acceptInsecureCerts: false, browserName: chrome, browserVersion: 97.0.4692.71, chrome: {chromedriverVersion: 97.0.4692.71 (adefa7837d02a..., userDataDir: C:\Users\user2022\AppData\L...}, goog:chromeOptions: {debuggerAddress: localhost:56017}, javascriptEnabled: true, networkConnectionEnabled: false, pageLoadStrategy: normal, platform: WINDOWS, platformName: WINDOWS, proxy: Proxy(), se:cdp: ws://localhost:56017/devtoo..., se:cdpVersion: 97.0.4692.71, setWindowRect: true, strictFileInteractability: false, timeouts: {implicit: 0, pageLoad: 300000, script: 30000}, unhandledPromptBehavior: dismiss and notify, webauthn:extension:credBlob: true, webauthn:extension:largeBlob: true, webauthn:virtualAuthenticators: true}&#10;Session ID: 88902d81b7799f1b9d402587a878bf60" type="org.openqa.selenium.NoSuchElementException">org.openqa.selenium.NoSuchElementException: 
no such element: Unable to locate element: {"method":"xpath","selector":"/html/body/div[1]/div[3]/form/div/div[2]/div[6]"}
  (Session info: chrome=97.0.4692.71)
For documentation on this error, please visit: https://selenium.dev/exceptions/#no_such_element
Build info: version: '4.1.1', revision: 'e8fcc2cecf'
System info: host: 'DESKTOP-67OJI6T', ip: '192.168.0.107', os.name: 'Windows 10', os.arch: 'amd64', os.version: '10.0', java.version: '1.8.0_301'
Driver info: org.openqa.selenium.chrome.ChromeDriver
Command: [88902d81b7799f1b9d402587a878bf60, findElement {using=xpath, value=/html/body/div[1]/div[3]/form/div/div[2]/div[6]}]
Capabilities {acceptInsecureCerts: false, browserName: chrome, browserVersion: 97.0.4692.71, chrome: {chromedriverVersion: 97.0.4692.71 (adefa7837d02a..., userDataDir: C:\Users\user2022\AppData\L...}, goog:chromeOptions: {debuggerAddress: localhost:56017}, javascriptEnabled: true, networkConnectionEnabled: false, pageLoadStrategy: normal, platform: WINDOWS, platformName: WINDOWS, proxy: Proxy(), se:cdp: ws://localhost:56017/devtoo..., se:cdpVersion: 97.0.4692.71, setWindowRect: true, strictFileInteractability: false, timeouts: {implicit: 0, pageLoad: 300000, script: 30000}, unhandledPromptBehavior: dismiss and notify, webauthn:extension:credBlob: true, webauthn:extension:largeBlob: true, webauthn:virtualAuthenticators: true}
Session ID: 88902d81b7799f1b9d402587a878bf60
</error>
    <system-out><![CDATA[
@signup
Scenario: Verify user can not sign up with less then 8 chars        # src/test/resources/features/frontend/sign_up/SignUp.feature:77
[INFO ] 2022-01-07 11:49:09.602 [main] Hooks - Before hook started
[WARN ] 2022-01-07 11:49:09.608 [main] Driver - Starting Chromedriver
[DEBUG] 2022-01-07 11:49:12.715 [main] InternalLoggerFactory - Using Log4J2 as the default logging framework
[DEBUG] 2022-01-07 11:49:12.719 [main] ResourceLeakDetector - -Dio.netty.leakDetection.level: simple
[DEBUG] 2022-01-07 11:49:12.719 [main] ResourceLeakDetector - -Dio.netty.leakDetection.targetRecords: 4
[DEBUG] 2022-01-07 11:49:12.721 [main] ResourceLeakDetectorFactory - Loaded default ResourceLeakDetector: io.netty.util.ResourceLeakDetector@7b7b3edb
[DEBUG] 2022-01-07 11:49:12.735 [main] PlatformDependent0 - -Dio.netty.noUnsafe: false
[DEBUG] 2022-01-07 11:49:12.735 [main] PlatformDependent0 - Java version: 8
[DEBUG] 2022-01-07 11:49:12.735 [main] PlatformDependent0 - sun.misc.Unsafe.theUnsafe: available
[DEBUG] 2022-01-07 11:49:12.735 [main] PlatformDependent0 - sun.misc.Unsafe.copyMemory: available
[DEBUG] 2022-01-07 11:49:12.736 [main] PlatformDependent0 - java.nio.Buffer.address: available
[DEBUG] 2022-01-07 11:49:12.736 [main] PlatformDependent0 - direct buffer constructor: available
[DEBUG] 2022-01-07 11:49:12.737 [main] PlatformDependent0 - java.nio.Bits.unaligned: available, true
[DEBUG] 2022-01-07 11:49:12.737 [main] PlatformDependent0 - jdk.internal.misc.Unsafe.allocateUninitializedArray(int): unavailable prior to Java9
[DEBUG] 2022-01-07 11:49:12.737 [main] PlatformDependent0 - java.nio.DirectByteBuffer.<init>(long, int): available
[DEBUG] 2022-01-07 11:49:12.737 [main] PlatformDependent - sun.misc.Unsafe: available
[DEBUG] 2022-01-07 11:49:12.737 [main] PlatformDependent - -Dio.netty.tmpdir: C:\Users\user2022\AppData\Local\Temp (java.io.tmpdir)
[DEBUG] 2022-01-07 11:49:12.737 [main] PlatformDependent - -Dio.netty.bitMode: 64 (sun.arch.data.model)
[DEBUG] 2022-01-07 11:49:12.738 [main] PlatformDependent - Platform: Windows
[DEBUG] 2022-01-07 11:49:12.738 [main] PlatformDependent - -Dio.netty.maxDirectMemory: 3763863552 bytes
[DEBUG] 2022-01-07 11:49:12.738 [main] PlatformDependent - -Dio.netty.uninitializedArrayAllocationThreshold: -1
[DEBUG] 2022-01-07 11:49:12.739 [main] CleanerJava6 - java.nio.ByteBuffer.cleaner(): available
[DEBUG] 2022-01-07 11:49:12.739 [main] PlatformDependent - -Dio.netty.noPreferDirect: false
[DEBUG] 2022-01-07 11:49:12.744 [main] PlatformDependent - org.jctools-core.MpscChunkedArrayQueue: available
[DEBUG] 2022-01-07 11:49:12.759 [main] InternalThreadLocalMap - -Dio.netty.threadLocalMap.stringBuilder.initialSize: 1024
[DEBUG] 2022-01-07 11:49:12.760 [main] InternalThreadLocalMap - -Dio.netty.threadLocalMap.stringBuilder.maxSize: 4096
[DEBUG] 2022-01-07 11:49:12.770 [main] JdkSslContext - Default protocols (JDK): [TLSv1.2] 
[DEBUG] 2022-01-07 11:49:12.770 [main] JdkSslContext - Default cipher suites (JDK): [TLS_ECDHE_ECDSA_WITH_AES_256_GCM_SHA384, TLS_ECDHE_ECDSA_WITH_AES_128_GCM_SHA256, TLS_ECDHE_RSA_WITH_AES_128_GCM_SHA256, TLS_ECDHE_RSA_WITH_AES_256_GCM_SHA384, TLS_ECDHE_RSA_WITH_AES_128_CBC_SHA, TLS_ECDHE_RSA_WITH_AES_256_CBC_SHA, TLS_RSA_WITH_AES_128_GCM_SHA256, TLS_RSA_WITH_AES_128_CBC_SHA, TLS_RSA_WITH_AES_256_CBC_SHA, TLS_AES_128_GCM_SHA256, TLS_AES_256_GCM_SHA384]
[DEBUG] 2022-01-07 11:49:12.789 [main] MultithreadEventLoopGroup - -Dio.netty.eventLoopThreads: 24
[DEBUG] 2022-01-07 11:49:12.795 [main] NioEventLoop - -Dio.netty.noKeySetOptimization: false
[DEBUG] 2022-01-07 11:49:12.795 [main] NioEventLoop - -Dio.netty.selectorAutoRebuildThreshold: 512
[DEBUG] 2022-01-07 11:49:12.875 [main] PooledByteBufAllocator - -Dio.netty.allocator.numHeapArenas: 24
[DEBUG] 2022-01-07 11:49:12.875 [main] PooledByteBufAllocator - -Dio.netty.allocator.numDirectArenas: 24
[DEBUG] 2022-01-07 11:49:12.875 [main] PooledByteBufAllocator - -Dio.netty.allocator.pageSize: 8192
[DEBUG] 2022-01-07 11:49:12.875 [main] PooledByteBufAllocator - -Dio.netty.allocator.maxOrder: 11
[DEBUG] 2022-01-07 11:49:12.875 [main] PooledByteBufAllocator - -Dio.netty.allocator.chunkSize: 16777216
[DEBUG] 2022-01-07 11:49:12.875 [main] PooledByteBufAllocator - -Dio.netty.allocator.smallCacheSize: 256
[DEBUG] 2022-01-07 11:49:12.875 [main] PooledByteBufAllocator - -Dio.netty.allocator.normalCacheSize: 64
[DEBUG] 2022-01-07 11:49:12.875 [main] PooledByteBufAllocator - -Dio.netty.allocator.maxCachedBufferCapacity: 32768
[DEBUG] 2022-01-07 11:49:12.875 [main] PooledByteBufAllocator - -Dio.netty.allocator.cacheTrimInterval: 8192
[DEBUG] 2022-01-07 11:49:12.875 [main] PooledByteBufAllocator - -Dio.netty.allocator.cacheTrimIntervalMillis: 0
[DEBUG] 2022-01-07 11:49:12.875 [main] PooledByteBufAllocator - -Dio.netty.allocator.useCacheForAllThreads: true
[DEBUG] 2022-01-07 11:49:12.875 [main] PooledByteBufAllocator - -Dio.netty.allocator.maxCachedByteBuffersPerChunk: 1023
[DEBUG] 2022-01-07 11:49:12.881 [main] ByteBufUtil - -Dio.netty.allocator.type: pooled
[DEBUG] 2022-01-07 11:49:12.882 [main] ByteBufUtil - -Dio.netty.threadLocalDirectBufferSize: 0
[DEBUG] 2022-01-07 11:49:12.882 [main] ByteBufUtil - -Dio.netty.maxThreadLocalCharBufferSize: 16384
[DEBUG] 2022-01-07 11:49:13.600 [Forwarding newSession on session null to remote] DefaultChannelId - -Dio.netty.processId: 5144 (auto-detected)
[DEBUG] 2022-01-07 11:49:13.601 [Forwarding newSession on session null to remote] NetUtil - -Djava.net.preferIPv4Stack: false
[DEBUG] 2022-01-07 11:49:13.602 [Forwarding newSession on session null to remote] NetUtil - -Djava.net.preferIPv6Addresses: false
[DEBUG] 2022-01-07 11:49:13.656 [Forwarding newSession on session null to remote] NetUtilInitializations - Loopback interface: lo (Software Loopback Interface 1, 127.0.0.1)
[DEBUG] 2022-01-07 11:49:13.656 [Forwarding newSession on session null to remote] NetUtil - Failed to get SOMAXCONN from sysctl and file \proc\sys\net\core\somaxconn. Default: 200
[DEBUG] 2022-01-07 11:49:13.711 [Forwarding newSession on session null to remote] DefaultChannelId - -Dio.netty.machineId: 64:6e:e0:ff:fe:fc:c8:62 (auto-detected)
[DEBUG] 2022-01-07 11:49:13.743 [AsyncHttpClient-1-2] AbstractByteBuf - -Dio.netty.buffer.checkAccessible: true
[DEBUG] 2022-01-07 11:49:13.743 [AsyncHttpClient-1-2] AbstractByteBuf - -Dio.netty.buffer.checkBounds: true
[DEBUG] 2022-01-07 11:49:13.743 [AsyncHttpClient-1-2] ResourceLeakDetectorFactory - Loaded default ResourceLeakDetector: io.netty.util.ResourceLeakDetector@6c594b70
[DEBUG] 2022-01-07 11:49:13.758 [AsyncHttpClient-1-2] Recycler - -Dio.netty.recycler.maxCapacityPerThread: 4096
[DEBUG] 2022-01-07 11:49:13.758 [AsyncHttpClient-1-2] Recycler - -Dio.netty.recycler.maxSharedCapacityFactor: 2
[DEBUG] 2022-01-07 11:49:13.758 [AsyncHttpClient-1-2] Recycler - -Dio.netty.recycler.linkCapacity: 16
[DEBUG] 2022-01-07 11:49:13.758 [AsyncHttpClient-1-2] Recycler - -Dio.netty.recycler.ratio: 8
[DEBUG] 2022-01-07 11:49:13.758 [AsyncHttpClient-1-2] Recycler - -Dio.netty.recycler.delayedQueue.ratio: 8
[DEBUG] 2022-01-07 11:49:14.224 [AsyncHttpClient-1-2] Brotli - brotli4j not in the classpath; Brotli support will be unavailable.
[DEBUG] 2022-01-07 11:49:14.314 [main] ThreadLocalRandom - -Dio.netty.initialSeedUniquifier: 0x0177ed76fe288783
[INFO ] 2022-01-07 11:49:14.469 [main] Driver - Chrome driver started successfully
  Given user is on "https://obtaincare.site/"                       # UI.stepDefinitions.SignUpSteps.userIsOn(java.lang.String)
[INFO ] 2022-01-07 11:49:23.521 [main] Helper - Clicking the [[ChromeDriver: chrome on WINDOWS (88902d81b7799f1b9d402587a878bf60)] -> xpath: /html/body/div[1]/div[1]/div[2]/div/div[2]/div/div/div[2]/div/div[2]/div/div[1]/div/div/button/span]
[INFO ] 2022-01-07 11:49:23.525 [main] Helper - Waiting for element to be displayed [[ChromeDriver: chrome on WINDOWS (88902d81b7799f1b9d402587a878bf60)] -> xpath: /html/body/div[1]/div[1]/div[2]/div/div[2]/div/div/div[2]/div/div[2]/div/div[1]/div/div/button/span]
[INFO ] 2022-01-07 11:49:23.561 [main] Helper - Element is displayed [[ChromeDriver: chrome on WINDOWS (88902d81b7799f1b9d402587a878bf60)] -> xpath: /html/body/div[1]/div[1]/div[2]/div/div[2]/div/div/div[2]/div/div[2]/div/div[1]/div/div/button/span]
[INFO ] 2022-01-07 11:49:23.577 [main] Helper - Waiting for element to be clickable
[INFO ] 2022-01-07 11:49:23.599 [main] Helper - Element is clickable
  And enter in email field "nursultan.musakunov@obtaincare.com"     # UI.stepDefinitions.SignUpSteps.enterInEmailField(java.lang.String)
[INFO ] 2022-01-07 11:49:26.712 [main] Helper - Clicking the [[ChromeDriver: chrome on WINDOWS (88902d81b7799f1b9d402587a878bf60)] -> xpath: /html/body/div[1]/div[1]/div[2]/div/div[2]/div/div/div[2]/div/div[2]/div/div[1]/div/div/button/span]
[INFO ] 2022-01-07 11:49:26.716 [main] Helper - Waiting for element to be displayed [[ChromeDriver: chrome on WINDOWS (88902d81b7799f1b9d402587a878bf60)] -> xpath: /html/body/div[1]/div[1]/div[2]/div/div[2]/div/div/div[2]/div/div[2]/div/div[1]/div/div/button/span]
[INFO ] 2022-01-07 11:49:26.732 [main] Helper - Element is displayed [[ChromeDriver: chrome on WINDOWS (88902d81b7799f1b9d402587a878bf60)] -> xpath: /html/body/div[1]/div[1]/div[2]/div/div[2]/div/div/div[2]/div/div[2]/div/div[1]/div/div/button/span]
[INFO ] 2022-01-07 11:49:26.743 [main] Helper - Waiting for element to be clickable
[INFO ] 2022-01-07 11:49:26.763 [main] Helper - Element is clickable
  Then enter in password field "HelloWorld312!"                     # UI.stepDefinitions.SignUpSteps.enterInPasswordField(java.lang.String)
[INFO ] 2022-01-07 11:49:31.154 [main] Helper - Clicking the [[ChromeDriver: chrome on WINDOWS (88902d81b7799f1b9d402587a878bf60)] -> xpath: /html/body/reach-portal/div[3]/div/div/div/div/div[2]/button[1]]
[INFO ] 2022-01-07 11:49:31.159 [main] Helper - Waiting for element to be displayed [[ChromeDriver: chrome on WINDOWS (88902d81b7799f1b9d402587a878bf60)] -> xpath: /html/body/reach-portal/div[3]/div/div/div/div/div[2]/button[1]]
[INFO ] 2022-01-07 11:49:31.179 [main] Helper - Element is displayed [[ChromeDriver: chrome on WINDOWS (88902d81b7799f1b9d402587a878bf60)] -> xpath: /html/body/reach-portal/div[3]/div/div/div/div/div[2]/button[1]]
[INFO ] 2022-01-07 11:49:31.192 [main] Helper - Waiting for element to be clickable
[INFO ] 2022-01-07 11:49:31.212 [main] Helper - Element is clickable
[INFO ] 2022-01-07 11:49:31.260 [main] Helper - Clicking the [[ChromeDriver: chrome on WINDOWS (88902d81b7799f1b9d402587a878bf60)] -> xpath: //div[@data-user-auth='false']//a[2]]
[INFO ] 2022-01-07 11:49:31.264 [main] Helper - Waiting for element to be displayed [[ChromeDriver: chrome on WINDOWS (88902d81b7799f1b9d402587a878bf60)] -> xpath: //div[@data-user-auth='false']//a[2]]
[INFO ] 2022-01-07 11:49:31.279 [main] Helper - Element is displayed [[ChromeDriver: chrome on WINDOWS (88902d81b7799f1b9d402587a878bf60)] -> xpath: //div[@data-user-auth='false']//a[2]]
[INFO ] 2022-01-07 11:49:31.289 [main] Helper - Waiting for element to be clickable
[INFO ] 2022-01-07 11:49:31.307 [main] Helper - Element is clickable
  Given click on Sign up button                                     # UI.stepDefinitions.SignUpSteps.click_on_sign_up_button()
[INFO ] 2022-01-07 11:49:33.506 [main] Helper - Trying to get text value
[INFO ] 2022-01-07 11:49:33.510 [main] Helper - Waiting for element to be displayed [[ChromeDriver: chrome on WINDOWS (88902d81b7799f1b9d402587a878bf60)] -> xpath: //a[normalize-space()='Sign up as a user']]
[INFO ] 2022-01-07 11:49:33.524 [main] Helper - Element is displayed [[ChromeDriver: chrome on WINDOWS (88902d81b7799f1b9d402587a878bf60)] -> xpath: //a[normalize-space()='Sign up as a user']]
[INFO ] 2022-01-07 11:49:33.538 [main] Helper - Trying to get text value
[INFO ] 2022-01-07 11:49:33.541 [main] Helper - Waiting for element to be displayed [[ChromeDriver: chrome on WINDOWS (88902d81b7799f1b9d402587a878bf60)] -> xpath: //a[normalize-space()='Sign up as a user']]
[INFO ] 2022-01-07 11:49:33.555 [main] Helper - Element is displayed [[ChromeDriver: chrome on WINDOWS (88902d81b7799f1b9d402587a878bf60)] -> xpath: //a[normalize-space()='Sign up as a user']]
  And i am on Sign up page                                          # UI.stepDefinitions.SignUpSteps.i_am_on_sign_up_page()
  And fill with test data First name, Last name and Email fields    # UI.stepDefinitions.SignUpSteps.fill_with_test_data_first_name_last_name_and_email_fields()
  And enter in password field "Tt1!" in Sign up page                # UI.stepDefinitions.SignUpSteps.enter_in_password_field_in_sign_up_page(java.lang.String)
  And enter in Confirm password "Tt1!" in Sign up page              # UI.stepDefinitions.SignUpSteps.enter_in_confirm_password_in_sign_up_page(java.lang.String)
[INFO ] 2022-01-07 11:49:33.830 [main] Helper - Clicking the [[ChromeDriver: chrome on WINDOWS (88902d81b7799f1b9d402587a878bf60)] -> xpath: //label[normalize-space()='Accept Terms']]
[INFO ] 2022-01-07 11:49:33.833 [main] Helper - Waiting for element to be displayed [[ChromeDriver: chrome on WINDOWS (88902d81b7799f1b9d402587a878bf60)] -> xpath: //label[normalize-space()='Accept Terms']]
[INFO ] 2022-01-07 11:49:33.848 [main] Helper - Element is displayed [[ChromeDriver: chrome on WINDOWS (88902d81b7799f1b9d402587a878bf60)] -> xpath: //label[normalize-space()='Accept Terms']]
[INFO ] 2022-01-07 11:49:33.857 [main] Helper - Waiting for element to be clickable
[INFO ] 2022-01-07 11:49:33.874 [main] Helper - Element is clickable
  And click on Accept Terms checkbox                                # UI.stepDefinitions.SignUpSteps.click_on_accept_terms_checkbox()
  Then "Password must be at least 8 characters." text should appear # UI.stepDefinitions.SignUpSteps.text_should_appear(java.lang.String)
      org.openqa.selenium.NoSuchElementException: no such element: Unable to locate element: {"method":"xpath","selector":"/html/body/div[1]/div[3]/form/div/div[2]/div[6]"}
  (Session info: chrome=97.0.4692.71)
For documentation on this error, please visit: https://selenium.dev/exceptions/#no_such_element
Build info: version: '4.1.1', revision: 'e8fcc2cecf'
System info: host: 'DESKTOP-67OJI6T', ip: '192.168.0.107', os.name: 'Windows 10', os.arch: 'amd64', os.version: '10.0', java.version: '1.8.0_301'
Driver info: org.openqa.selenium.chrome.ChromeDriver
Command: [88902d81b7799f1b9d402587a878bf60, findElement {using=xpath, value=/html/body/div[1]/div[3]/form/div/div[2]/div[6]}]
Capabilities {acceptInsecureCerts: false, browserName: chrome, browserVersion: 97.0.4692.71, chrome: {chromedriverVersion: 97.0.4692.71 (adefa7837d02a..., userDataDir: C:\Users\user2022\AppData\L...}, goog:chromeOptions: {debuggerAddress: localhost:56017}, javascriptEnabled: true, networkConnectionEnabled: false, pageLoadStrategy: normal, platform: WINDOWS, platformName: WINDOWS, proxy: Proxy(), se:cdp: ws://localhost:56017/devtoo..., se:cdpVersion: 97.0.4692.71, setWindowRect: true, strictFileInteractability: false, timeouts: {implicit: 0, pageLoad: 300000, script: 30000}, unhandledPromptBehavior: dismiss and notify, webauthn:extension:credBlob: true, webauthn:extension:largeBlob: true, webauthn:virtualAuthenticators: true}
Session ID: 88902d81b7799f1b9d402587a878bf60
	at sun.reflect.NativeConstructorAccessorImpl.newInstance0(Native Method)
	at sun.reflect.NativeConstructorAccessorImpl.newInstance(NativeConstructorAccessorImpl.java:62)
	at sun.reflect.DelegatingConstructorAccessorImpl.newInstance(DelegatingConstructorAccessorImpl.java:45)
	at java.lang.reflect.Constructor.newInstance(Constructor.java:423)
	at org.openqa.selenium.remote.codec.w3c.W3CHttpResponseCodec.createException(W3CHttpResponseCodec.java:200)
	at org.openqa.selenium.remote.codec.w3c.W3CHttpResponseCodec.decode(W3CHttpResponseCodec.java:133)
	at org.openqa.selenium.remote.codec.w3c.W3CHttpResponseCodec.decode(W3CHttpResponseCodec.java:53)
	at org.openqa.selenium.remote.HttpCommandExecutor.execute(HttpCommandExecutor.java:184)
	at org.openqa.selenium.remote.service.DriverCommandExecutor.invokeExecute(DriverCommandExecutor.java:167)
	at org.openqa.selenium.remote.service.DriverCommandExecutor.execute(DriverCommandExecutor.java:142)
	at org.openqa.selenium.remote.RemoteWebDriver.execute(RemoteWebDriver.java:543)
	at org.openqa.selenium.remote.ElementLocation$ElementFinder$2.findElement(ElementLocation.java:162)
	at org.openqa.selenium.remote.ElementLocation.findElement(ElementLocation.java:60)
	at org.openqa.selenium.remote.RemoteWebDriver.findElement(RemoteWebDriver.java:367)
	at org.openqa.selenium.remote.RemoteWebDriver.findElement(RemoteWebDriver.java:359)
	at org.openqa.selenium.support.pagefactory.DefaultElementLocator.findElement(DefaultElementLocator.java:70)
	at org.openqa.selenium.support.pagefactory.internal.LocatingElementHandler.invoke(LocatingElementHandler.java:39)
	at com.sun.proxy.$Proxy38.getText(Unknown Source)
	at UI.stepDefinitions.SignUpSteps.text_should_appear(SignUpSteps.java:255)
	at âœ½."Password must be at least 8 characters." text should appear(file:///C:/Users/user2022/Documents/obtaincare/src/test/resources/features/frontend/sign_up/SignUp.feature:84)

[INFO ] 2022-01-07 11:49:41.917 [main] Hooks - After hook started
[INFO ] 2022-01-07 11:49:41.918 [main] Hooks - Started to take screenshot

    Embedding screenshot [image/png 481713 bytes]

[INFO ] 2022-01-07 11:49:42.729 [main] Driver - Driver is closed
]]></system-out>
    <system-err><![CDATA[SLF4J: Failed to load class "org.slf4j.impl.StaticLoggerBinder".
SLF4J: Defaulting to no-operation (NOP) logger implementation
SLF4J: See http://www.slf4j.org/codes.html#StaticLoggerBinder for further details.
Starting ChromeDriver 97.0.4692.71 (adefa7837d02a07a604c1e6eff0b3a09422ab88d-refs/branch-heads/4692@{#1247}) on port 52191
Only local connections are allowed.
Please see https://chromedriver.chromium.org/security-considerations for suggestions on keeping ChromeDriver safe.
ChromeDriver was started successfully.
Jan 07, 2022 11:49:14 AM org.openqa.selenium.remote.ProtocolHandshake createSession
INFO: Detected dialect: W3C
Jan 07, 2022 11:49:14 AM org.openqa.selenium.devtools.CdpVersionFinder findNearestMatch
WARNING: Unable to find an exact match for CDP version 97, so returning the closest version found: 96
Jan 07, 2022 11:49:14 AM org.openqa.selenium.devtools.CdpVersionFinder findNearestMatch
INFO: Found CDP implementation for version 97 of 96
]]></system-err>
  </testcase>
</testsuite>